<?xml version="1.0" encoding="UTF-8"?>
<!-- Generated by org.testng.reporters.JUnitReportReporter -->
<testsuite hostname="DESKTOP-FTULNKR" failures="0" tests="6" name="com.customexceptio.TestNgTest1" time="0.024" errors="0" timestamp="26 Feb 2019 09:14:01 GMT" skipped="1">
  <testcase classname="com.customexceptio.TestNgTest1" name="test1" time="0.016"/>
  <testcase classname="com.customexceptio.TestNgTest1" name="test3" time="0.001"/>
  <testcase classname="com.customexceptio.TestNgTest1" name="sub" time="0.003"/>
  <testcase classname="com.customexceptio.TestNgTest1" name="test2" time="0.002"/>
  <testcase classname="com.customexceptio.TestNgTest1" name="multiplcation" time="0.002"/>
  <testcase classname="com.customexceptio.TestNgTest1" name="addition">
    <skipped/>
  </testcase> <!-- addition -->
</testsuite> <!-- com.customexceptio.TestNgTest1 -->
