<?xml version="1.0" encoding="UTF-8"?>
<!-- Generated by org.testng.reporters.JUnitReportReporter -->
<testsuite hostname="DESKTOP-FTULNKR" failures="0" tests="1" name="TestNGPract2.AnnotationPract1" time="0.018" errors="0" timestamp="02 Mar 2019 11:10:34 GMT" skipped="0">
  <testcase classname="TestNGPract2.AnnotationPract1" name="display2" time="0.018"/>
</testsuite> <!-- TestNGPract2.AnnotationPract1 -->
