<?xml version="1.0" encoding="UTF-8"?>
<!-- Generated by org.testng.reporters.JUnitReportReporter -->
<testsuite hostname="DESKTOP-FTULNKR" failures="0" tests="1" name="com.package2.suit2.Class3" time="0.222" errors="0" timestamp="28 Jan 2019 06:02:49 GMT" skipped="0">
  <testcase classname="com.package2.suit2.Class3" name="windowMax" time="0.222"/>
</testsuite> <!-- com.package2.suit2.Class3 -->
