<?xml version="1.0" encoding="UTF-8"?>
<!-- Generated by org.testng.reporters.JUnitReportReporter -->
<testsuite hostname="DESKTOP-FTULNKR" failures="0" tests="1" name="com.testng.TestNgExample" time="0.008" errors="0" timestamp="23 Feb 2019 10:00:13 GMT" skipped="0">
  <testcase classname="com.testng.TestNgExample" name="method3" time="0.008"/>
</testsuite> <!-- com.testng.TestNgExample -->
