<?xml version="1.0" encoding="UTF-8"?>
<!-- Generated by org.testng.reporters.JUnitReportReporter -->
<testsuite hostname="DESKTOP-FTULNKR" failures="0" tests="1" name="com.testng3.DivisionNumbers" time="0.002" errors="0" timestamp="23 Feb 2019 16:20:53 GMT" skipped="0">
  <testcase classname="com.testng3.DivisionNumbers" name="method4" time="0.002"/>
</testsuite> <!-- com.testng3.DivisionNumbers -->
