<?xml version="1.0" encoding="UTF-8"?>
<!-- Generated by org.testng.reporters.JUnitReportReporter -->
<testsuite hostname="DESKTOP-FTULNKR" failures="0" tests="2" name="com.package1.suit1.Class2" time="0.027" errors="0" timestamp="28 Jan 2019 05:46:58 GMT" skipped="0">
  <testcase classname="com.package1.suit1.Class2" name="method2" time="0.016"/>
  <testcase classname="com.package1.suit1.Class2" name="windowMax" time="0.011"/>
</testsuite> <!-- com.package1.suit1.Class2 -->
