<?xml version="1.0" encoding="UTF-8"?>
<!-- Generated by org.testng.reporters.JUnitReportReporter -->
<testsuite hostname="DESKTOP-FTULNKR" failures="0" tests="1" name="com.testng3.AddNumbers" time="0.010" errors="0" timestamp="23 Feb 2019 16:20:53 GMT" skipped="0">
  <testcase classname="com.testng3.AddNumbers" name="add" time="0.010"/>
</testsuite> <!-- com.testng3.AddNumbers -->
