<?xml version="1.0" encoding="UTF-8"?>
<!-- Generated by org.testng.reporters.JUnitReportReporter -->
<testsuite hostname="DESKTOP-FTULNKR" failures="0" tests="1" name="com.package1.suit1.Flipkart" time="0.321" errors="0" timestamp="28 Jan 2019 05:13:46 GMT" skipped="0">
  <testcase classname="com.package1.suit1.Flipkart" name="windowMax" time="0.321"/>
</testsuite> <!-- com.package1.suit1.Flipkart -->
