<?xml version="1.0" encoding="UTF-8"?>
<!-- Generated by org.testng.reporters.JUnitReportReporter -->
<testsuite hostname="DESKTOP-FTULNKR" failures="0" tests="2" name="TestNGPract2.AnnotationPract2" time="0.009" errors="0" timestamp="02 Mar 2019 11:10:34 GMT" skipped="0">
  <testcase classname="TestNGPract2.AnnotationPract2" name="display4" time="0.006"/>
  <testcase classname="TestNGPract2.AnnotationPract2" name="display2" time="0.003"/>
</testsuite> <!-- TestNGPract2.AnnotationPract2 -->
