<?xml version="1.0" encoding="UTF-8"?>
<!-- Generated by org.testng.reporters.JUnitReportReporter -->
<testsuite hostname="DESKTOP-FTULNKR" failures="0" tests="1" name="com.testng.TestNGExample2" time="0.002" errors="0" timestamp="23 Feb 2019 10:00:13 GMT" skipped="0">
  <testcase classname="com.testng.TestNGExample2" name="method5" time="0.002"/>
</testsuite> <!-- com.testng.TestNGExample2 -->
